[0.100s] DEBUG:colcon:Command line arguments: ['/usr/bin/colcon', 'build']
[0.100s] DEBUG:colcon:Parsed command line arguments: Namespace(log_base=None, log_level=None, verb_name='build', build_base='build', install_base='install', merge_install=False, symlink_install=False, test_result_base=None, continue_on_error=False, executor='parallel', parallel_workers=3, event_handlers=None, ignore_user_meta=False, metas=['./colcon.meta'], base_paths=['.'], packages_ignore=None, packages_ignore_regex=None, paths=None, packages_up_to=None, packages_up_to_regex=None, packages_above=None, packages_above_and_dependencies=None, packages_above_depth=None, packages_select_by_dep=None, packages_skip_by_dep=None, packages_skip_up_to=None, packages_select_build_failed=False, packages_skip_build_finished=False, packages_select_test_failures=False, packages_skip_test_passed=False, packages_select=None, packages_skip=None, packages_select_regex=None, packages_skip_regex=None, packages_start=None, packages_end=None, allow_overriding=[], cmake_args=None, cmake_target=None, cmake_target_skip_unavailable=False, cmake_clean_cache=False, cmake_clean_first=False, cmake_force_configure=False, ament_cmake_args=None, catkin_cmake_args=None, catkin_skip_building_tests=False, mixin_files=None, mixin=None, verb_parser=<colcon_mixin.mixin.mixin_argument.MixinArgumentDecorator object at 0x74f03416bd40>, verb_extension=<colcon_core.verb.build.BuildVerb object at 0x74f03416baa0>, main=<bound method BuildVerb.main of <colcon_core.verb.build.BuildVerb object at 0x74f03416baa0>>, mixin_verb=('build',))
[0.134s] Level 1:colcon.colcon_core.package_discovery:discover_packages(colcon_meta) check parameters
[0.134s] Level 1:colcon.colcon_core.package_discovery:discover_packages(recursive) check parameters
[0.134s] Level 1:colcon.colcon_core.package_discovery:discover_packages(ignore) check parameters
[0.134s] Level 1:colcon.colcon_core.package_discovery:discover_packages(path) check parameters
[0.134s] Level 1:colcon.colcon_core.package_discovery:discover_packages(colcon_meta) discover
[0.134s] Level 1:colcon.colcon_core.package_discovery:discover_packages(recursive) discover
[0.134s] INFO:colcon.colcon_core.package_discovery:Crawling recursively for packages in '/home/emin/ros2_ws/src/ros2_viz_demo'
[0.134s] Level 1:colcon.colcon_core.package_identification:_identify(.) by extensions ['ignore', 'ignore_ament_install']
[0.134s] Level 1:colcon.colcon_core.package_identification:_identify(.) by extension 'ignore'
[0.134s] Level 1:colcon.colcon_core.package_identification:_identify(.) by extension 'ignore_ament_install'
[0.135s] Level 1:colcon.colcon_core.package_identification:_identify(.) by extensions ['colcon_pkg']
[0.135s] Level 1:colcon.colcon_core.package_identification:_identify(.) by extension 'colcon_pkg'
[0.135s] Level 1:colcon.colcon_core.package_identification:_identify(.) by extensions ['colcon_meta']
[0.135s] Level 1:colcon.colcon_core.package_identification:_identify(.) by extension 'colcon_meta'
[0.135s] Level 1:colcon.colcon_core.package_identification:_identify(.) by extensions ['ros']
[0.135s] Level 1:colcon.colcon_core.package_identification:_identify(.) by extension 'ros'
[0.158s] DEBUG:colcon.colcon_core.package_identification:Package '.' with type 'ros.ament_python' and name 'ros2_viz_demo'
[0.159s] Level 1:colcon.colcon_core.package_discovery:discover_packages(recursive) using defaults
[0.159s] Level 1:colcon.colcon_core.package_discovery:discover_packages(ignore) discover
[0.159s] Level 1:colcon.colcon_core.package_discovery:discover_packages(ignore) using defaults
[0.159s] Level 1:colcon.colcon_core.package_discovery:discover_packages(path) discover
[0.159s] Level 1:colcon.colcon_core.package_discovery:discover_packages(path) using defaults
[0.174s] Level 1:colcon.colcon_core.package_discovery:discover_packages(prefix_path) check parameters
[0.174s] Level 1:colcon.colcon_core.package_discovery:discover_packages(prefix_path) discover
[0.179s] DEBUG:colcon.colcon_installed_package_information.package_discovery:Found 5 installed packages in /home/emin/ros2_ws/install
[0.180s] DEBUG:colcon.colcon_installed_package_information.package_discovery:Found 1 installed packages in /home/emin/ros2_ws/src/ros2_viz_demo/install
[0.181s] DEBUG:colcon.colcon_installed_package_information.package_discovery:Found 287 installed packages in /opt/ros/jazzy
[0.182s] Level 1:colcon.colcon_core.package_discovery:discover_packages(prefix_path) using defaults
[0.227s] Level 5:colcon.colcon_core.verb:set package 'ros2_viz_demo' build argument 'cmake_args' from command line to 'None'
[0.227s] Level 5:colcon.colcon_core.verb:set package 'ros2_viz_demo' build argument 'cmake_target' from command line to 'None'
[0.227s] Level 5:colcon.colcon_core.verb:set package 'ros2_viz_demo' build argument 'cmake_target_skip_unavailable' from command line to 'False'
[0.227s] Level 5:colcon.colcon_core.verb:set package 'ros2_viz_demo' build argument 'cmake_clean_cache' from command line to 'False'
[0.227s] Level 5:colcon.colcon_core.verb:set package 'ros2_viz_demo' build argument 'cmake_clean_first' from command line to 'False'
[0.227s] Level 5:colcon.colcon_core.verb:set package 'ros2_viz_demo' build argument 'cmake_force_configure' from command line to 'False'
[0.227s] Level 5:colcon.colcon_core.verb:set package 'ros2_viz_demo' build argument 'ament_cmake_args' from command line to 'None'
[0.227s] Level 5:colcon.colcon_core.verb:set package 'ros2_viz_demo' build argument 'catkin_cmake_args' from command line to 'None'
[0.227s] Level 5:colcon.colcon_core.verb:set package 'ros2_viz_demo' build argument 'catkin_skip_building_tests' from command line to 'False'
[0.227s] DEBUG:colcon.colcon_core.verb:Building package 'ros2_viz_demo' with the following arguments: {'ament_cmake_args': None, 'build_base': '/home/emin/ros2_ws/src/ros2_viz_demo/build/ros2_viz_demo', 'catkin_cmake_args': None, 'catkin_skip_building_tests': False, 'cmake_args': None, 'cmake_clean_cache': False, 'cmake_clean_first': False, 'cmake_force_configure': False, 'cmake_target': None, 'cmake_target_skip_unavailable': False, 'install_base': '/home/emin/ros2_ws/src/ros2_viz_demo/install/ros2_viz_demo', 'merge_install': False, 'path': '/home/emin/ros2_ws/src/ros2_viz_demo', 'symlink_install': False, 'test_result_base': None}
[0.227s] INFO:colcon.colcon_core.executor:Executing jobs using 'parallel' executor
[0.228s] DEBUG:colcon.colcon_parallel_executor.executor.parallel:run_until_complete
[0.228s] INFO:colcon.colcon_ros.task.ament_python.build:Building ROS package in '/home/emin/ros2_ws/src/ros2_viz_demo' with build type 'ament_python'
[0.229s] Level 1:colcon.colcon_core.shell:create_environment_hook('ros2_viz_demo', 'ament_prefix_path')
[0.230s] INFO:colcon.colcon_core.plugin_system:Skipping extension 'colcon_core.shell.bat': Not used on non-Windows systems
[0.231s] INFO:colcon.colcon_core.shell:Creating environment hook '/home/emin/ros2_ws/src/ros2_viz_demo/install/ros2_viz_demo/share/ros2_viz_demo/hook/ament_prefix_path.ps1'
[0.231s] INFO:colcon.colcon_core.shell:Creating environment descriptor '/home/emin/ros2_ws/src/ros2_viz_demo/install/ros2_viz_demo/share/ros2_viz_demo/hook/ament_prefix_path.dsv'
[0.232s] INFO:colcon.colcon_core.shell:Creating environment hook '/home/emin/ros2_ws/src/ros2_viz_demo/install/ros2_viz_demo/share/ros2_viz_demo/hook/ament_prefix_path.sh'
[0.232s] INFO:colcon.colcon_core.shell:Skip shell extension 'powershell' for command environment: Not usable outside of PowerShell
[0.232s] DEBUG:colcon.colcon_core.shell:Skip shell extension 'dsv' for command environment
[0.442s] INFO:colcon.colcon_core.task.python.build:Building Python package in '/home/emin/ros2_ws/src/ros2_viz_demo'
[0.443s] INFO:colcon.colcon_core.shell:Skip shell extension 'powershell' for command environment: Not usable outside of PowerShell
[0.443s] DEBUG:colcon.colcon_core.shell:Skip shell extension 'dsv' for command environment
[1.034s] DEBUG:colcon.colcon_core.event_handler.log_command:Invoking command in '/home/emin/ros2_ws/src/ros2_viz_demo': DEBUGINFOD_URLS=https://debuginfod.ubuntu.com PYTHONPATH=/home/emin/ros2_ws/src/ros2_viz_demo/build/ros2_viz_demo/prefix_override:/usr/lib/python3/dist-packages/colcon_core/task/python/colcon_distutils_commands:/home/emin/ros2_ws/src/ros2_viz_demo/install/ros2_viz_demo/lib/python3.12/site-packages:${PYTHONPATH} /usr/bin/python3 -W ignore:setup.py install is deprecated -W ignore:easy_install command is deprecated setup.py egg_info --egg-base build/ros2_viz_demo build --build-base /home/emin/ros2_ws/src/ros2_viz_demo/build/ros2_viz_demo/build install --record /home/emin/ros2_ws/src/ros2_viz_demo/build/ros2_viz_demo/install.log --single-version-externally-managed install_data
[1.569s] DEBUG:colcon.colcon_core.event_handler.log_command:Invoked command in '/home/emin/ros2_ws/src/ros2_viz_demo' returned '0': DEBUGINFOD_URLS=https://debuginfod.ubuntu.com PYTHONPATH=/home/emin/ros2_ws/src/ros2_viz_demo/build/ros2_viz_demo/prefix_override:/usr/lib/python3/dist-packages/colcon_core/task/python/colcon_distutils_commands:/home/emin/ros2_ws/src/ros2_viz_demo/install/ros2_viz_demo/lib/python3.12/site-packages:${PYTHONPATH} /usr/bin/python3 -W ignore:setup.py install is deprecated -W ignore:easy_install command is deprecated setup.py egg_info --egg-base build/ros2_viz_demo build --build-base /home/emin/ros2_ws/src/ros2_viz_demo/build/ros2_viz_demo/build install --record /home/emin/ros2_ws/src/ros2_viz_demo/build/ros2_viz_demo/install.log --single-version-externally-managed install_data
[1.571s] Level 1:colcon.colcon_core.environment:checking '/home/emin/ros2_ws/src/ros2_viz_demo/install/ros2_viz_demo' for CMake module files
[1.571s] Level 1:colcon.colcon_core.environment:checking '/home/emin/ros2_ws/src/ros2_viz_demo/install/ros2_viz_demo' for CMake config files
[1.572s] Level 1:colcon.colcon_core.environment:checking '/home/emin/ros2_ws/src/ros2_viz_demo/install/ros2_viz_demo/lib'
[1.572s] Level 1:colcon.colcon_core.environment:checking '/home/emin/ros2_ws/src/ros2_viz_demo/install/ros2_viz_demo/bin'
[1.572s] Level 1:colcon.colcon_core.environment:checking '/home/emin/ros2_ws/src/ros2_viz_demo/install/ros2_viz_demo/lib/pkgconfig/ros2_viz_demo.pc'
[1.572s] Level 1:colcon.colcon_core.environment:checking '/home/emin/ros2_ws/src/ros2_viz_demo/install/ros2_viz_demo/lib/python3.12/site-packages'
[1.572s] Level 1:colcon.colcon_core.shell:create_environment_hook('ros2_viz_demo', 'pythonpath')
[1.573s] INFO:colcon.colcon_core.shell:Creating environment hook '/home/emin/ros2_ws/src/ros2_viz_demo/install/ros2_viz_demo/share/ros2_viz_demo/hook/pythonpath.ps1'
[1.573s] INFO:colcon.colcon_core.shell:Creating environment descriptor '/home/emin/ros2_ws/src/ros2_viz_demo/install/ros2_viz_demo/share/ros2_viz_demo/hook/pythonpath.dsv'
[1.573s] INFO:colcon.colcon_core.shell:Creating environment hook '/home/emin/ros2_ws/src/ros2_viz_demo/install/ros2_viz_demo/share/ros2_viz_demo/hook/pythonpath.sh'
[1.574s] Level 1:colcon.colcon_core.environment:checking '/home/emin/ros2_ws/src/ros2_viz_demo/install/ros2_viz_demo/bin'
[1.574s] Level 1:colcon.colcon_core.environment:create_environment_scripts_only(ros2_viz_demo)
[1.574s] INFO:colcon.colcon_core.shell:Creating package script '/home/emin/ros2_ws/src/ros2_viz_demo/install/ros2_viz_demo/share/ros2_viz_demo/package.ps1'
[1.575s] INFO:colcon.colcon_core.shell:Creating package descriptor '/home/emin/ros2_ws/src/ros2_viz_demo/install/ros2_viz_demo/share/ros2_viz_demo/package.dsv'
[1.575s] INFO:colcon.colcon_core.shell:Creating package script '/home/emin/ros2_ws/src/ros2_viz_demo/install/ros2_viz_demo/share/ros2_viz_demo/package.sh'
[1.576s] INFO:colcon.colcon_core.shell:Creating package script '/home/emin/ros2_ws/src/ros2_viz_demo/install/ros2_viz_demo/share/ros2_viz_demo/package.bash'
[1.577s] INFO:colcon.colcon_core.shell:Creating package script '/home/emin/ros2_ws/src/ros2_viz_demo/install/ros2_viz_demo/share/ros2_viz_demo/package.zsh'
[1.577s] Level 1:colcon.colcon_core.environment:create_file_with_runtime_dependencies(/home/emin/ros2_ws/src/ros2_viz_demo/install/ros2_viz_demo/share/colcon-core/packages/ros2_viz_demo)
[1.578s] DEBUG:colcon.colcon_parallel_executor.executor.parallel:closing loop
[1.578s] DEBUG:colcon.colcon_parallel_executor.executor.parallel:loop closed
[1.578s] DEBUG:colcon.colcon_parallel_executor.executor.parallel:run_until_complete finished with '0'
[1.578s] DEBUG:colcon.colcon_core.event_reactor:joining thread
[1.585s] INFO:colcon.colcon_core.plugin_system:Skipping extension 'colcon_notification.desktop_notification.terminal_notifier': Not used on non-Darwin systems
[1.585s] INFO:colcon.colcon_core.plugin_system:Skipping extension 'colcon_notification.desktop_notification.win32': Not used on non-Windows systems
[1.585s] INFO:colcon.colcon_notification.desktop_notification:Sending desktop notification using 'notify2'
[1.600s] DEBUG:colcon.colcon_core.event_reactor:joined thread
[1.600s] INFO:colcon.colcon_core.shell:Creating prefix script '/home/emin/ros2_ws/src/ros2_viz_demo/install/local_setup.ps1'
[1.601s] INFO:colcon.colcon_core.shell:Creating prefix util module '/home/emin/ros2_ws/src/ros2_viz_demo/install/_local_setup_util_ps1.py'
[1.602s] INFO:colcon.colcon_core.shell:Creating prefix chain script '/home/emin/ros2_ws/src/ros2_viz_demo/install/setup.ps1'
[1.603s] INFO:colcon.colcon_core.shell:Creating prefix script '/home/emin/ros2_ws/src/ros2_viz_demo/install/local_setup.sh'
[1.604s] INFO:colcon.colcon_core.shell:Creating prefix util module '/home/emin/ros2_ws/src/ros2_viz_demo/install/_local_setup_util_sh.py'
[1.604s] INFO:colcon.colcon_core.shell:Creating prefix chain script '/home/emin/ros2_ws/src/ros2_viz_demo/install/setup.sh'
[1.605s] INFO:colcon.colcon_core.shell:Creating prefix script '/home/emin/ros2_ws/src/ros2_viz_demo/install/local_setup.bash'
[1.605s] INFO:colcon.colcon_core.shell:Creating prefix chain script '/home/emin/ros2_ws/src/ros2_viz_demo/install/setup.bash'
[1.606s] INFO:colcon.colcon_core.shell:Creating prefix script '/home/emin/ros2_ws/src/ros2_viz_demo/install/local_setup.zsh'
[1.607s] INFO:colcon.colcon_core.shell:Creating prefix chain script '/home/emin/ros2_ws/src/ros2_viz_demo/install/setup.zsh'
