running egg_info
writing build/ros2_viz_demo/ros2_viz_demo.egg-info/PKG-INFO
writing dependency_links to build/ros2_viz_demo/ros2_viz_demo.egg-info/dependency_links.txt
writing entry points to build/ros2_viz_demo/ros2_viz_demo.egg-info/entry_points.txt
writing requirements to build/ros2_viz_demo/ros2_viz_demo.egg-info/requires.txt
writing top-level names to build/ros2_viz_demo/ros2_viz_demo.egg-info/top_level.txt
reading manifest file 'build/ros2_viz_demo/ros2_viz_demo.egg-info/SOURCES.txt'
writing manifest file 'build/ros2_viz_demo/ros2_viz_demo.egg-info/SOURCES.txt'
running build
running build_py
copying ros2_viz_demo/pose_and_marker_array_publisher.py -> /home/emin/ros2_ws/src/ros2_viz_demo/build/ros2_viz_demo/build/lib/ros2_viz_demo
running install
running install_lib
copying /home/emin/ros2_ws/src/ros2_viz_demo/build/ros2_viz_demo/build/lib/ros2_viz_demo/pose_and_marker_array_publisher.py -> /home/emin/ros2_ws/src/ros2_viz_demo/install/ros2_viz_demo/lib/python3.12/site-packages/ros2_viz_demo
byte-compiling /home/emin/ros2_ws/src/ros2_viz_demo/install/ros2_viz_demo/lib/python3.12/site-packages/ros2_viz_demo/pose_and_marker_array_publisher.py to pose_and_marker_array_publisher.cpython-312.pyc
running install_data
running install_egg_info
removing '/home/emin/ros2_ws/src/ros2_viz_demo/install/ros2_viz_demo/lib/python3.12/site-packages/ros2_viz_demo-0.0.0-py3.12.egg-info' (and everything under it)
Copying build/ros2_viz_demo/ros2_viz_demo.egg-info to /home/emin/ros2_ws/src/ros2_viz_demo/install/ros2_viz_demo/lib/python3.12/site-packages/ros2_viz_demo-0.0.0-py3.12.egg-info
running install_scripts
Installing circular_point script to /home/emin/ros2_ws/src/ros2_viz_demo/install/ros2_viz_demo/lib/ros2_viz_demo
Installing curved_trail_node script to /home/emin/ros2_ws/src/ros2_viz_demo/install/ros2_viz_demo/lib/ros2_viz_demo
Installing joint_state_published script to /home/emin/ros2_ws/src/ros2_viz_demo/install/ros2_viz_demo/lib/ros2_viz_demo
Installing marker_array script to /home/emin/ros2_ws/src/ros2_viz_demo/install/ros2_viz_demo/lib/ros2_viz_demo
Installing moving_cube script to /home/emin/ros2_ws/src/ros2_viz_demo/install/ros2_viz_demo/lib/ros2_viz_demo
Installing pose_and_marker_array_publisher script to /home/emin/ros2_ws/src/ros2_viz_demo/install/ros2_viz_demo/lib/ros2_viz_demo
Installing pose_arrow script to /home/emin/ros2_ws/src/ros2_viz_demo/install/ros2_viz_demo/lib/ros2_viz_demo
writing list of installed files to '/home/emin/ros2_ws/src/ros2_viz_demo/build/ros2_viz_demo/install.log'
